  AI_StealthGameProjectApp.cpp
c:\users\s173004\desktop\github folder\firstyear_aie\trunk\ai_stealthgameproject\ai_stealthgameproject\ai_stealthgameprojectapp.cpp(33): warning C4244: 'argument': conversion from 'time_t' to 'unsigned int', possible loss of data
c:\users\s173004\desktop\github folder\firstyear_aie\trunk\ai_stealthgameproject\ai_stealthgameproject\ai_stealthgameprojectapp.cpp(85): warning C4244: 'argument': conversion from 'time_t' to 'unsigned int', possible loss of data
c:\users\s173004\desktop\github folder\firstyear_aie\trunk\ai_stealthgameproject\ai_stealthgameproject\ai_stealthgameprojectapp.cpp(131): warning C4244: 'argument': conversion from 'int' to 'float', possible loss of data
  GameObject.cpp
  Graph.cpp
  GraphEdge.cpp
  GraphNode.cpp
  Idle_State.cpp
  KeyboardController.cpp
  main.cpp
  PathFind_State.cpp
  Pursue_State.cpp
  Seek_State.cpp
  StateMachine.cpp
  Wander_State.cpp
c:\users\s173004\desktop\github folder\firstyear_aie\trunk\ai_stealthgameproject\ai_stealthgameproject\wander_state.cpp(16): warning C4244: 'argument': conversion from 'int' to 'float', possible loss of data
MFG_MathLib.lib(Vector2.obj) : warning LNK4075: ignoring '/EDITANDCONTINUE' due to '/OPT:ICF' specification
LINK : warning LNK4098: defaultlib 'MSVCRTD' conflicts with use of other libs; use /NODEFAULTLIB:library
  Generating code
  All 1815 functions were compiled because no usable IPDB/IOBJ from previous compilation was found.
  Finished generating code
  AI_StealthGameProject.vcxproj -> C:\Users\s173004\Desktop\GitHub Folder\FirstYear_AIE\trunk\AI_StealthGameProject\temp\AI_StealthGameProject\Win32\Release\AI_StealthGameProject.exe
