LINK : warning LNK4098: defaultlib 'MSVCRT' conflicts with use of other libs; use /NODEFAULTLIB:library
Pursue_State.obj : error LNK2001: unresolved external symbol "public: __cdecl Vector2::Vector2(float,float)" (??0Vector2@@QEAA@MM@Z)
Wander_State.obj : error LNK2001: unresolved external symbol "public: __cdecl Vector2::Vector2(float,float)" (??0Vector2@@QEAA@MM@Z)
AI_StealthGameProjectApp.obj : error LNK2001: unresolved external symbol "public: __cdecl Vector2::Vector2(float,float)" (??0Vector2@@QEAA@MM@Z)
GameObject.obj : error LNK2001: unresolved external symbol "public: __cdecl Vector2::Vector2(float,float)" (??0Vector2@@QEAA@MM@Z)
GraphNode.obj : error LNK2001: unresolved external symbol "public: __cdecl Vector2::Vector2(float,float)" (??0Vector2@@QEAA@MM@Z)
KeyboardController.obj : error LNK2001: unresolved external symbol "public: __cdecl Vector2::Vector2(float,float)" (??0Vector2@@QEAA@MM@Z)
Seek_State.obj : error LNK2001: unresolved external symbol "public: class Vector2 __cdecl Vector2::operator-(class Vector2)" (??GVector2@@QEAA?AV0@V0@@Z)
Wander_State.obj : error LNK2001: unresolved external symbol "public: class Vector2 __cdecl Vector2::operator-(class Vector2)" (??GVector2@@QEAA?AV0@V0@@Z)
AI_StealthGameProjectApp.obj : error LNK2001: unresolved external symbol "public: class Vector2 __cdecl Vector2::operator-(class Vector2)" (??GVector2@@QEAA?AV0@V0@@Z)
Graph.obj : error LNK2001: unresolved external symbol "public: class Vector2 __cdecl Vector2::operator-(class Vector2)" (??GVector2@@QEAA?AV0@V0@@Z)
PathFind_State.obj : error LNK2001: unresolved external symbol "public: class Vector2 __cdecl Vector2::operator-(class Vector2)" (??GVector2@@QEAA?AV0@V0@@Z)
Pursue_State.obj : error LNK2001: unresolved external symbol "public: class Vector2 __cdecl Vector2::operator-(class Vector2)" (??GVector2@@QEAA?AV0@V0@@Z)
Wander_State.obj : error LNK2001: unresolved external symbol "public: float __cdecl Vector2::magnitude(void)" (?magnitude@Vector2@@QEAAMXZ)
AI_StealthGameProjectApp.obj : error LNK2001: unresolved external symbol "public: float __cdecl Vector2::magnitude(void)" (?magnitude@Vector2@@QEAAMXZ)
PathFind_State.obj : error LNK2001: unresolved external symbol "public: float __cdecl Vector2::magnitude(void)" (?magnitude@Vector2@@QEAAMXZ)
Pursue_State.obj : error LNK2001: unresolved external symbol "public: float __cdecl Vector2::magnitude(void)" (?magnitude@Vector2@@QEAAMXZ)
Seek_State.obj : error LNK2001: unresolved external symbol "public: float __cdecl Vector2::magnitude(void)" (?magnitude@Vector2@@QEAAMXZ)
Wander_State.obj : error LNK2001: unresolved external symbol "public: __cdecl Vector2::~Vector2(void)" (??1Vector2@@QEAA@XZ)
KeyboardController.obj : error LNK2001: unresolved external symbol "public: __cdecl Vector2::~Vector2(void)" (??1Vector2@@QEAA@XZ)
PathFind_State.obj : error LNK2001: unresolved external symbol "public: __cdecl Vector2::~Vector2(void)" (??1Vector2@@QEAA@XZ)
Pursue_State.obj : error LNK2001: unresolved external symbol "public: __cdecl Vector2::~Vector2(void)" (??1Vector2@@QEAA@XZ)
Seek_State.obj : error LNK2001: unresolved external symbol "public: __cdecl Vector2::~Vector2(void)" (??1Vector2@@QEAA@XZ)
AI_StealthGameProjectApp.obj : error LNK2001: unresolved external symbol "public: __cdecl Vector2::~Vector2(void)" (??1Vector2@@QEAA@XZ)
GameObject.obj : error LNK2001: unresolved external symbol "public: __cdecl Vector2::~Vector2(void)" (??1Vector2@@QEAA@XZ)
Graph.obj : error LNK2001: unresolved external symbol "public: __cdecl Vector2::~Vector2(void)" (??1Vector2@@QEAA@XZ)
GraphNode.obj : error LNK2001: unresolved external symbol "public: __cdecl Vector2::~Vector2(void)" (??1Vector2@@QEAA@XZ)
GameObject.obj : error LNK2019: unresolved external symbol "public: __cdecl Vector2::Vector2(void)" (??0Vector2@@QEAA@XZ) referenced in function "public: __cdecl GameObject::GameObject(class aie::Texture *,class Vector2,enum Race)" (??0GameObject@@QEAA@PEAVTexture@aie@@VVector2@@W4Race@@@Z)
GraphNode.obj : error LNK2001: unresolved external symbol "public: __cdecl Vector2::Vector2(void)" (??0Vector2@@QEAA@XZ)
Wander_State.obj : error LNK2001: unresolved external symbol "public: __cdecl Vector2::Vector2(void)" (??0Vector2@@QEAA@XZ)
GameObject.obj : error LNK2019: unresolved external symbol "public: class Vector2 __cdecl Vector2::operator+(class Vector2)" (??HVector2@@QEAA?AV0@V0@@Z) referenced in function "public: void __cdecl GameObject::AddForce(class Vector2)" (?AddForce@GameObject@@QEAAXVVector2@@@Z)
Pursue_State.obj : error LNK2001: unresolved external symbol "public: class Vector2 __cdecl Vector2::operator+(class Vector2)" (??HVector2@@QEAA?AV0@V0@@Z)
Wander_State.obj : error LNK2001: unresolved external symbol "public: class Vector2 __cdecl Vector2::operator*(float)" (??DVector2@@QEAA?AV0@M@Z)
GameObject.obj : error LNK2001: unresolved external symbol "public: class Vector2 __cdecl Vector2::operator*(float)" (??DVector2@@QEAA?AV0@M@Z)
PathFind_State.obj : error LNK2001: unresolved external symbol "public: class Vector2 __cdecl Vector2::operator*(float)" (??DVector2@@QEAA?AV0@M@Z)
Pursue_State.obj : error LNK2001: unresolved external symbol "public: class Vector2 __cdecl Vector2::operator*(float)" (??DVector2@@QEAA?AV0@M@Z)
Seek_State.obj : error LNK2001: unresolved external symbol "public: class Vector2 __cdecl Vector2::operator*(float)" (??DVector2@@QEAA?AV0@M@Z)
PathFind_State.obj : error LNK2019: unresolved external symbol "public: void __cdecl Vector2::normalise(void)" (?normalise@Vector2@@QEAAXXZ) referenced in function "public: virtual void __cdecl PathFind_State::update(class GameObject *,class StateMachine *,float)" (?update@PathFind_State@@UEAAXPEAVGameObject@@PEAVStateMachine@@M@Z)
Pursue_State.obj : error LNK2001: unresolved external symbol "public: void __cdecl Vector2::normalise(void)" (?normalise@Vector2@@QEAAXXZ)
Seek_State.obj : error LNK2001: unresolved external symbol "public: void __cdecl Vector2::normalise(void)" (?normalise@Vector2@@QEAAXXZ)
Wander_State.obj : error LNK2001: unresolved external symbol "public: void __cdecl Vector2::normalise(void)" (?normalise@Vector2@@QEAAXXZ)
C:\Users\s173004\Desktop\GitHub Folder\FirstYear_AIE\trunk\AI_StealthGameProject\dependencies\debug\MFG_MathLib.lib : warning LNK4272: library machine type 'x86' conflicts with target machine type 'x64'
C:\Users\s173004\Desktop\GitHub Folder\FirstYear_AIE\trunk\AI_StealthGameProject\temp\AI_StealthGameProject\x64\Debug\AI_StealthGameProject.exe : fatal error LNK1120: 8 unresolved externals
